[debug] > Exec(early(addDefaultCommands), None, None)
[debug] > Exec(addDefaultCommands, None, None)
[debug] > Exec(early(initialize), None, None)
[debug] > Exec(initialize, None, None)
[debug] > Exec(early(addPluginSbtFile="""C:\Users\Егор\AppData\Local\Temp\idea1.sbt"""), None, None)
[debug] > Exec(addPluginSbtFile="""C:\Users\Егор\AppData\Local\Temp\idea1.sbt""", None, None)
[debug] > Exec(boot, None, None)
[debug] > Exec(writeSbtVersion, None, None)
[debug] > Exec(reload, None, None)
[debug] > Exec(sbtStashOnFailure, None, None)
[debug] > Exec(onFailure loadFailed, None, None)
[debug] > Exec(loadp, None, None)
[info] welcome to sbt 1.4.7 (AdoptOpenJDK Java 11.0.10)
[debug]       Load.loadUnit: plugins took 176.1944ms
[debug]       Load.loadUnit: defsScala took 0.4834ms
[debug] [Loading] Scanning directory C:\Users\Егор\.sbt\1.0\plugins
[debug] [Loading] Found non-root projects 
[debug] [Loading] Done in C:\Users\Егор\.sbt\1.0\plugins, returning: ()
[debug] deducing auto plugins based on known facts Set(Atom(sbt.plugins.CorePlugin)) and clauses Clauses(List(Clause(Atom(sbt.plugins.JvmPlugin),Set(Atom(sbt.plugins.IvyPlugin))), Clause(Atom(sbt.ScriptedPlugin),Set(Atom(sbt.plugins.JvmPlugin))), Clause(Atom(sbt.plugins.SbtPlugin),Set(Atom(sbt.ScriptedPlugin))), Clause(Atom(sbt.plugins.SemanticdbPlugin),Set(Atom(sbt.plugins.JvmPlugin))), Clause(Atom(sbt.plugins.JUnitXmlReportPlugin),Set(Atom(sbt.plugins.JvmPlugin))), Clause(Atom(sbt.plugins.MiniDependencyTreePlugin),Set(Atom(sbt.plugins.JvmPlugin))), Clause(Atom(sbt.plugins.CorePlugin),Set(Atom(sbt.plugins.IvyPlugin))), Clause(Atom(sbt.plugins.IvyPlugin),Set(Atom(sbt.plugins.JvmPlugin))), Clause(Atom(sbt.plugins.JvmPlugin),Set(Atom(sbt.plugins.SemanticdbPlugin))), Clause(Atom(sbt.plugins.JvmPlugin),Set(Atom(sbt.plugins.JUnitXmlReportPlugin))), Clause(Atom(sbt.plugins.CorePlugin),Set(Atom(sbt.plugins.Giter8TemplatePlugin))), Clause(Atom(sbt.plugins.JvmPlugin),Set(Atom(sbt.plugins.MiniDependencyTreePlugin)))))
[debug]   :: deduced result: Matched(sbt.plugins.CorePlugin,sbt.plugins.Giter8TemplatePlugin,sbt.plugins.IvyPlugin,sbt.plugins.JvmPlugin,sbt.plugins.MiniDependencyTreePlugin,sbt.plugins.JUnitXmlReportPlugin,sbt.plugins.SemanticdbPlugin)
[debug] Plugins.deducer#function took 47.2767 ms
[debug]           Load.resolveProject(global-plugins) took 90.077ms
[debug]         Load.loadTransitive: finalizeProject(Project(id global-plugins, base: C:\Users\Егор\.sbt\1.0\plugins, plugins: List(<none>))) took 201.2659ms
[debug] [Loading] Done in C:\Users\Егор\.sbt\1.0\plugins, returning: (global-plugins)
[debug]       Load.loadUnit: loadedProjectsRaw took 244.7ms
[debug]       Load.loadUnit: cleanEvalClasses took 0.5729ms
[debug]     Load.loadUnit(file:/C:/Users/Егор/.sbt/1.0/plugins/, ...) took 451.4323ms
[debug]   Load.apply: load took 846.9718ms
[debug]   Load.apply: resolveProjects took 11.4042ms
[debug]   Load.apply: finalTransforms took 272.0278ms
[debug]   Load.apply: config.delegates took 40.2819ms
[debug]   Load.apply: Def.make(settings)... took 2053.3021ms
[debug]   Load.apply: structureIndex took 262.7542ms
[debug]   Load.apply: mkStreams took 2.5625ms
[info] loading global plugins from C:\Users\Егор\.sbt\1.0\plugins
[debug] Running task... Cancel: Signal, check cycles: false, forcegc: true
[debug] Load.defaultLoad until apply took 7562.1488ms
[debug]           Load.loadUnit: plugins took 74.0111ms
[debug]           Load.loadUnit: defsScala took 0.0105ms
[debug] [Loading] Scanning directory C:\ScalaBootCamp\Homework\ClearProject\FourthHomework\project
[debug]             Load.loadUnit: mkEval took 15.4135ms
[debug] [Loading] Found non-root projects 
[debug] [Loading] Done in C:\ScalaBootCamp\Homework\ClearProject\FourthHomework\project, returning: ()
[debug] deducing auto plugins based on known facts Set(Atom(sbt.plugins.CorePlugin)) and clauses Clauses(List(Clause(Atom(sbt.plugins.JvmPlugin),Set(Atom(sbt.plugins.IvyPlugin))), Clause(Atom(sbt.ScriptedPlugin),Set(Atom(sbt.plugins.JvmPlugin))), Clause(Atom(sbt.plugins.SbtPlugin),Set(Atom(sbt.ScriptedPlugin))), Clause(Atom(sbt.plugins.SemanticdbPlugin),Set(Atom(sbt.plugins.JvmPlugin))), Clause(Atom(sbt.plugins.JUnitXmlReportPlugin),Set(Atom(sbt.plugins.JvmPlugin))), Clause(Atom(sbt.plugins.MiniDependencyTreePlugin),Set(Atom(sbt.plugins.JvmPlugin))), Clause(Atom(sbt.plugins.CorePlugin),Set(Atom(sbt.plugins.IvyPlugin))), Clause(Atom(sbt.plugins.IvyPlugin),Set(Atom(sbt.plugins.JvmPlugin))), Clause(Atom(sbt.plugins.JvmPlugin),Set(Atom(sbt.plugins.SemanticdbPlugin))), Clause(Atom(sbt.plugins.JvmPlugin),Set(Atom(sbt.plugins.JUnitXmlReportPlugin))), Clause(Atom(sbt.plugins.CorePlugin),Set(Atom(sbt.plugins.Giter8TemplatePlugin))), Clause(Atom(sbt.plugins.JvmPlugin),Set(Atom(sbt.plugins.MiniDependencyTreePlugin)))))
[debug]   :: deduced result: Matched(sbt.plugins.CorePlugin,sbt.plugins.Giter8TemplatePlugin,sbt.plugins.IvyPlugin,sbt.plugins.JvmPlugin,sbt.plugins.MiniDependencyTreePlugin,sbt.plugins.JUnitXmlReportPlugin,sbt.plugins.SemanticdbPlugin)
[debug] Plugins.deducer#function took 2.9365 ms
[info] loading settings for project fourthhomework-build from idea1.sbt ...
[debug]               Load.resolveProject(fourthhomework-build) took 5.7947ms
[debug]             Load.loadTransitive: finalizeProject(Project(id fourthhomework-build, base: C:\ScalaBootCamp\Homework\ClearProject\FourthHomework\project, plugins: List(<none>))) took 9.6145ms
[debug] [Loading] Done in C:\ScalaBootCamp\Homework\ClearProject\FourthHomework\project, returning: (fourthhomework-build)
[debug]           Load.loadUnit: loadedProjectsRaw took 350.8218ms
[debug]           Load.loadUnit: cleanEvalClasses took 7.9588ms
[debug]         Load.loadUnit(file:/C:/ScalaBootCamp/Homework/ClearProject/FourthHomework/project/, ...) took 436.763ms
[debug]       Load.apply: load took 439.3608ms
[debug]       Load.apply: resolveProjects took 0.1544ms
[debug]       Load.apply: finalTransforms took 32.6916ms
[debug]       Load.apply: config.delegates took 0.5077ms
[debug]       Load.apply: Def.make(settings)... took 193.8737ms
[debug]       Load.apply: structureIndex took 42.6889ms
[debug]       Load.apply: mkStreams took 0.0031ms
[info] loading project definition from C:\ScalaBootCamp\Homework\ClearProject\FourthHomework\project
[debug] Running task... Cancel: Signal, check cycles: false, forcegc: true
[debug]     Load.loadUnit: plugins took 3600.6547ms
[debug]     Load.loadUnit: defsScala took 0.0072ms
[debug] [Loading] Scanning directory C:\ScalaBootCamp\Homework\ClearProject\FourthHomework
[debug]       Load.loadUnit: mkEval took 0.4004ms
[debug] [Loading] Found non-root projects 
[debug] [Loading] Done in C:\ScalaBootCamp\Homework\ClearProject\FourthHomework, returning: ()
[debug] deducing auto plugins based on known facts Set(Atom(sbt.plugins.CorePlugin)) and clauses Clauses(List(Clause(Atom(sbt.plugins.JvmPlugin),Set(Atom(sbt.plugins.IvyPlugin))), Clause(Atom(sbt.ScriptedPlugin),Set(Atom(sbt.plugins.JvmPlugin))), Clause(Atom(sbt.plugins.SbtPlugin),Set(Atom(sbt.ScriptedPlugin))), Clause(Atom(sbt.plugins.SemanticdbPlugin),Set(Atom(sbt.plugins.JvmPlugin))), Clause(Atom(sbt.plugins.JUnitXmlReportPlugin),Set(Atom(sbt.plugins.JvmPlugin))), Clause(Atom(sbt.plugins.MiniDependencyTreePlugin),Set(Atom(sbt.plugins.JvmPlugin))), Clause(Atom(org.jetbrains.sbt.StructurePlugin),Set(Atom(sbt.plugins.JvmPlugin))), Clause(Atom(org.jetbrains.sbt.IdeaShellPlugin),Set(Atom(sbt.plugins.JvmPlugin))), Clause(Atom(org.jetbrains.sbt.indices.SbtIntellijIndicesPlugin),Set(Atom(sbt.plugins.JvmPlugin))), Clause(Atom(sbt.plugins.CorePlugin),Set(Atom(sbt.plugins.IvyPlugin))), Clause(Atom(sbt.plugins.IvyPlugin),Set(Atom(sbt.plugins.JvmPlugin))), Clause(Atom(sbt.plugins.JvmPlugin),Set(Atom(sbt.plugins.SemanticdbPlugin))), Clause(Atom(sbt.plugins.JvmPlugin),Set(Atom(sbt.plugins.JUnitXmlReportPlugin))), Clause(Atom(sbt.plugins.CorePlugin),Set(Atom(sbt.plugins.Giter8TemplatePlugin))), Clause(Atom(sbt.plugins.JvmPlugin),Set(Atom(sbt.plugins.MiniDependencyTreePlugin))), Clause(Atom(sbt.plugins.JvmPlugin),Set(Atom(org.jetbrains.sbt.StructurePlugin))), Clause(Atom(sbt.plugins.JvmPlugin),Set(Atom(org.jetbrains.sbt.IdeaShellPlugin))), Clause(And(Set(Atom(sbt.plugins.CorePlugin), Atom(sbt.plugins.JvmPlugin))),Set(Atom(org.jetbrains.sbt.indices.SbtIntellijIndicesPlugin)))))
[debug]   :: deduced result: Matched(sbt.plugins.CorePlugin,sbt.plugins.Giter8TemplatePlugin,sbt.plugins.IvyPlugin,sbt.plugins.JvmPlugin,sbt.plugins.SemanticdbPlugin,org.jetbrains.sbt.indices.SbtIntellijIndicesPlugin,sbt.plugins.JUnitXmlReportPlugin,org.jetbrains.sbt.IdeaShellPlugin,org.jetbrains.sbt.StructurePlugin,sbt.plugins.MiniDependencyTreePlugin)
[debug] Plugins.deducer#function took 7.1483 ms
[info] loading settings for project fourthhomework from build.sbt ...
[debug]         Load.resolveProject(fourthhomework) took 88.8142ms
[debug]       Load.loadTransitive: finalizeProject(Project(id fourthhomework, base: C:\ScalaBootCamp\Homework\ClearProject\FourthHomework, plugins: List(<none>))) took 98.2648ms
[debug] [Loading] Done in C:\ScalaBootCamp\Homework\ClearProject\FourthHomework, returning: (fourthhomework)
[debug]     Load.loadUnit: loadedProjectsRaw took 9547.6922ms
[debug]     Load.loadUnit: cleanEvalClasses took 24.5774ms
[debug]   Load.loadUnit(file:/C:/ScalaBootCamp/Homework/ClearProject/FourthHomework/, ...) took 13173.9021ms
[debug] Load.apply: load took 13176.648ms
[debug] Load.apply: resolveProjects took 0.2468ms
[debug] Load.apply: finalTransforms took 48.3734ms
[debug] Load.apply: config.delegates took 0.4033ms
[debug] Load.apply: Def.make(settings)... took 213.3004ms
[debug] Load.apply: structureIndex took 55.3562ms
[debug] Load.apply: mkStreams took 0.0027ms
[info] set current project to FourthHomework (in build file:/C:/ScalaBootCamp/Homework/ClearProject/FourthHomework/)
[debug] > Exec(sbtPopOnFailure, None, None)
[debug] > Exec(resumeFromFailure, None, None)
[debug] > Exec(notifyUsersAboutShell, None, None)
[debug] > Exec(iflast shell, None, None)
[debug] > Exec(; set ideaPort in Global := 58404 ; idea-shell, None, None)
[debug] > Exec(set ideaPort in Global := 58404, None, None)
[info] Defining Global / ideaPort
[info] The new value will be used by Compile / compile, Test / compile
[debug] Defining 
[debug] 	Global / ideaPort
[debug] 
[debug] The new value will be used by 
[debug] 	Compile / compile
[debug] 	Test / compile
[info] Reapplying settings...
[info] set current project to FourthHomework (in build file:/C:/ScalaBootCamp/Homework/ClearProject/FourthHomework/)
[debug] > Exec(idea-shell, None, None)
