[debug] > Exec(early(addDefaultCommands), None, None)
[debug] > Exec(addDefaultCommands, None, None)
[debug] > Exec(early(initialize), None, None)
[debug] > Exec(initialize, None, None)
[debug] > Exec(early(addPluginSbtFile="""C:\Users\Егор\AppData\Local\Temp\idea1.sbt"""), None, None)
[debug] > Exec(addPluginSbtFile="""C:\Users\Егор\AppData\Local\Temp\idea1.sbt""", None, None)
[debug] > Exec(boot, None, None)
[debug] > Exec(writeSbtVersion, None, None)
[debug] > Exec(reload, None, None)
[debug] > Exec(sbtStashOnFailure, None, None)
[debug] > Exec(onFailure loadFailed, None, None)
[debug] > Exec(loadp, None, None)
[info] welcome to sbt 1.4.7 (AdoptOpenJDK Java 11.0.10)
[debug]       Load.loadUnit: plugins took 433.0206ms
[debug]       Load.loadUnit: defsScala took 0.5378ms
[debug] [Loading] Scanning directory C:\Users\Егор\.sbt\1.0\plugins
[debug] [Loading] Found non-root projects 
[debug] [Loading] Done in C:\Users\Егор\.sbt\1.0\plugins, returning: ()
[debug] deducing auto plugins based on known facts Set(Atom(sbt.plugins.CorePlugin)) and clauses Clauses(List(Clause(Atom(sbt.plugins.JvmPlugin),Set(Atom(sbt.plugins.IvyPlugin))), Clause(Atom(sbt.ScriptedPlugin),Set(Atom(sbt.plugins.JvmPlugin))), Clause(Atom(sbt.plugins.SbtPlugin),Set(Atom(sbt.ScriptedPlugin))), Clause(Atom(sbt.plugins.SemanticdbPlugin),Set(Atom(sbt.plugins.JvmPlugin))), Clause(Atom(sbt.plugins.JUnitXmlReportPlugin),Set(Atom(sbt.plugins.JvmPlugin))), Clause(Atom(sbt.plugins.MiniDependencyTreePlugin),Set(Atom(sbt.plugins.JvmPlugin))), Clause(Atom(sbt.plugins.CorePlugin),Set(Atom(sbt.plugins.IvyPlugin))), Clause(Atom(sbt.plugins.IvyPlugin),Set(Atom(sbt.plugins.JvmPlugin))), Clause(Atom(sbt.plugins.JvmPlugin),Set(Atom(sbt.plugins.SemanticdbPlugin))), Clause(Atom(sbt.plugins.JvmPlugin),Set(Atom(sbt.plugins.JUnitXmlReportPlugin))), Clause(Atom(sbt.plugins.CorePlugin),Set(Atom(sbt.plugins.Giter8TemplatePlugin))), Clause(Atom(sbt.plugins.JvmPlugin),Set(Atom(sbt.plugins.MiniDependencyTreePlugin)))))
[debug]   :: deduced result: Matched(sbt.plugins.CorePlugin,sbt.plugins.Giter8TemplatePlugin,sbt.plugins.IvyPlugin,sbt.plugins.JvmPlugin,sbt.plugins.MiniDependencyTreePlugin,sbt.plugins.JUnitXmlReportPlugin,sbt.plugins.SemanticdbPlugin)
[debug] Plugins.deducer#function took 57.9758 ms
[debug]           Load.resolveProject(global-plugins) took 242.122ms
[debug]         Load.loadTransitive: finalizeProject(Project(id global-plugins, base: C:\Users\Егор\.sbt\1.0\plugins, plugins: List(<none>))) took 385.9246ms
[debug] [Loading] Done in C:\Users\Егор\.sbt\1.0\plugins, returning: (global-plugins)
[debug]       Load.loadUnit: loadedProjectsRaw took 542.3523ms
[debug]       Load.loadUnit: cleanEvalClasses took 0.6067ms
[debug]     Load.loadUnit(file:/C:/Users/Егор/.sbt/1.0/plugins/, ...) took 992.7216ms
[debug]   Load.apply: load took 2052.7326ms
[debug]   Load.apply: resolveProjects took 15.0549ms
[debug]   Load.apply: finalTransforms took 357.8546ms
[debug]   Load.apply: config.delegates took 70.658ms
[debug]   Load.apply: Def.make(settings)... took 8728.5569ms
[debug]   Load.apply: structureIndex took 258.9155ms
[debug]   Load.apply: mkStreams took 8.1771ms
[info] loading global plugins from C:\Users\Егор\.sbt\1.0\plugins
[debug] Running task... Cancel: Signal, check cycles: false, forcegc: true
[debug] Load.defaultLoad until apply took 27371.6103ms
[debug]           Load.loadUnit: plugins took 68.8068ms
[debug]           Load.loadUnit: defsScala took 0.0061ms
[debug] [Loading] Scanning directory C:\ScalaBootCamp\Homework\ClearProject\FourthHomework\project
[debug]             Load.loadUnit: mkEval took 57.4676ms
[debug] [Loading] Found non-root projects 
[debug] [Loading] Done in C:\ScalaBootCamp\Homework\ClearProject\FourthHomework\project, returning: ()
[debug] deducing auto plugins based on known facts Set(Atom(sbt.plugins.CorePlugin)) and clauses Clauses(List(Clause(Atom(sbt.plugins.JvmPlugin),Set(Atom(sbt.plugins.IvyPlugin))), Clause(Atom(sbt.ScriptedPlugin),Set(Atom(sbt.plugins.JvmPlugin))), Clause(Atom(sbt.plugins.SbtPlugin),Set(Atom(sbt.ScriptedPlugin))), Clause(Atom(sbt.plugins.SemanticdbPlugin),Set(Atom(sbt.plugins.JvmPlugin))), Clause(Atom(sbt.plugins.JUnitXmlReportPlugin),Set(Atom(sbt.plugins.JvmPlugin))), Clause(Atom(sbt.plugins.MiniDependencyTreePlugin),Set(Atom(sbt.plugins.JvmPlugin))), Clause(Atom(sbt.plugins.CorePlugin),Set(Atom(sbt.plugins.IvyPlugin))), Clause(Atom(sbt.plugins.IvyPlugin),Set(Atom(sbt.plugins.JvmPlugin))), Clause(Atom(sbt.plugins.JvmPlugin),Set(Atom(sbt.plugins.SemanticdbPlugin))), Clause(Atom(sbt.plugins.JvmPlugin),Set(Atom(sbt.plugins.JUnitXmlReportPlugin))), Clause(Atom(sbt.plugins.CorePlugin),Set(Atom(sbt.plugins.Giter8TemplatePlugin))), Clause(Atom(sbt.plugins.JvmPlugin),Set(Atom(sbt.plugins.MiniDependencyTreePlugin)))))
[debug]   :: deduced result: Matched(sbt.plugins.CorePlugin,sbt.plugins.Giter8TemplatePlugin,sbt.plugins.IvyPlugin,sbt.plugins.JvmPlugin,sbt.plugins.MiniDependencyTreePlugin,sbt.plugins.JUnitXmlReportPlugin,sbt.plugins.SemanticdbPlugin)
[debug] Plugins.deducer#function took 3.0638 ms
[info] loading settings for project fourthhomework-build from idea1.sbt ...
[debug]               Load.resolveProject(fourthhomework-build) took 20.7629ms
[debug]             Load.loadTransitive: finalizeProject(Project(id fourthhomework-build, base: C:\ScalaBootCamp\Homework\ClearProject\FourthHomework\project, plugins: List(<none>))) took 24.7751ms
[debug] [Loading] Done in C:\ScalaBootCamp\Homework\ClearProject\FourthHomework\project, returning: (fourthhomework-build)
[debug]           Load.loadUnit: loadedProjectsRaw took 823.7775ms
[debug]           Load.loadUnit: cleanEvalClasses took 12.9341ms
[debug]         Load.loadUnit(file:/C:/ScalaBootCamp/Homework/ClearProject/FourthHomework/project/, ...) took 907.4152ms
[debug]       Load.apply: load took 911.6873ms
[debug]       Load.apply: resolveProjects took 0.2178ms
[debug]       Load.apply: finalTransforms took 34.8723ms
[debug]       Load.apply: config.delegates took 1.0381ms
[debug]       Load.apply: Def.make(settings)... took 799.0513ms
[debug]       Load.apply: structureIndex took 67.9087ms
[debug]       Load.apply: mkStreams took 0.003ms
[info] loading project definition from C:\ScalaBootCamp\Homework\ClearProject\FourthHomework\project
[debug] Running task... Cancel: Signal, check cycles: false, forcegc: true
[debug]     Load.loadUnit: plugins took 4367.8732ms
[debug]     Load.loadUnit: defsScala took 0.0048ms
[debug] [Loading] Scanning directory C:\ScalaBootCamp\Homework\ClearProject\FourthHomework
[debug]       Load.loadUnit: mkEval took 0.6863ms
[debug] [Loading] Found non-root projects 
[debug] [Loading] Done in C:\ScalaBootCamp\Homework\ClearProject\FourthHomework, returning: ()
[debug] deducing auto plugins based on known facts Set(Atom(sbt.plugins.CorePlugin)) and clauses Clauses(List(Clause(Atom(sbt.plugins.JvmPlugin),Set(Atom(sbt.plugins.IvyPlugin))), Clause(Atom(sbt.ScriptedPlugin),Set(Atom(sbt.plugins.JvmPlugin))), Clause(Atom(sbt.plugins.SbtPlugin),Set(Atom(sbt.ScriptedPlugin))), Clause(Atom(sbt.plugins.SemanticdbPlugin),Set(Atom(sbt.plugins.JvmPlugin))), Clause(Atom(sbt.plugins.JUnitXmlReportPlugin),Set(Atom(sbt.plugins.JvmPlugin))), Clause(Atom(sbt.plugins.MiniDependencyTreePlugin),Set(Atom(sbt.plugins.JvmPlugin))), Clause(Atom(org.jetbrains.sbt.StructurePlugin),Set(Atom(sbt.plugins.JvmPlugin))), Clause(Atom(org.jetbrains.sbt.IdeaShellPlugin),Set(Atom(sbt.plugins.JvmPlugin))), Clause(Atom(org.jetbrains.sbt.indices.SbtIntellijIndicesPlugin),Set(Atom(sbt.plugins.JvmPlugin))), Clause(Atom(sbt.plugins.CorePlugin),Set(Atom(sbt.plugins.IvyPlugin))), Clause(Atom(sbt.plugins.IvyPlugin),Set(Atom(sbt.plugins.JvmPlugin))), Clause(Atom(sbt.plugins.JvmPlugin),Set(Atom(sbt.plugins.SemanticdbPlugin))), Clause(Atom(sbt.plugins.JvmPlugin),Set(Atom(sbt.plugins.JUnitXmlReportPlugin))), Clause(Atom(sbt.plugins.CorePlugin),Set(Atom(sbt.plugins.Giter8TemplatePlugin))), Clause(Atom(sbt.plugins.JvmPlugin),Set(Atom(sbt.plugins.MiniDependencyTreePlugin))), Clause(Atom(sbt.plugins.JvmPlugin),Set(Atom(org.jetbrains.sbt.StructurePlugin))), Clause(Atom(sbt.plugins.JvmPlugin),Set(Atom(org.jetbrains.sbt.IdeaShellPlugin))), Clause(And(Set(Atom(sbt.plugins.CorePlugin), Atom(sbt.plugins.JvmPlugin))),Set(Atom(org.jetbrains.sbt.indices.SbtIntellijIndicesPlugin)))))
[debug]   :: deduced result: Matched(sbt.plugins.CorePlugin,sbt.plugins.Giter8TemplatePlugin,sbt.plugins.IvyPlugin,sbt.plugins.JvmPlugin,sbt.plugins.SemanticdbPlugin,org.jetbrains.sbt.indices.SbtIntellijIndicesPlugin,sbt.plugins.JUnitXmlReportPlugin,org.jetbrains.sbt.IdeaShellPlugin,org.jetbrains.sbt.StructurePlugin,sbt.plugins.MiniDependencyTreePlugin)
[debug] Plugins.deducer#function took 29.6311 ms
[info] loading settings for project fourthhomework from build.sbt ...
[debug]         Load.resolveProject(fourthhomework) took 57.736ms
[debug]       Load.loadTransitive: finalizeProject(Project(id fourthhomework, base: C:\ScalaBootCamp\Homework\ClearProject\FourthHomework, plugins: List(<none>))) took 89.2673ms
[debug] [Loading] Done in C:\ScalaBootCamp\Homework\ClearProject\FourthHomework, returning: (fourthhomework)
[debug]     Load.loadUnit: loadedProjectsRaw took 336.8086ms
[debug]     Load.loadUnit: cleanEvalClasses took 8.8128ms
[debug]   Load.loadUnit(file:/C:/ScalaBootCamp/Homework/ClearProject/FourthHomework/, ...) took 4715.0093ms
[debug] Load.apply: load took 4717.6894ms
[debug] Load.apply: resolveProjects took 0.1501ms
[debug] Load.apply: finalTransforms took 57.3056ms
[debug] Load.apply: config.delegates took 0.9296ms
[debug] Load.apply: Def.make(settings)... took 240.6401ms
[debug] Load.apply: structureIndex took 51.3436ms
[debug] Load.apply: mkStreams took 0.0033ms
[info] set current project to FourthHomework (in build file:/C:/ScalaBootCamp/Homework/ClearProject/FourthHomework/)
[debug] > Exec(sbtPopOnFailure, None, None)
[debug] > Exec(resumeFromFailure, None, None)
[debug] > Exec(notifyUsersAboutShell, None, None)
[debug] > Exec(iflast shell, None, None)
[debug] > Exec(; set ideaPort in Global := 57760 ; idea-shell, None, None)
[debug] > Exec(set ideaPort in Global := 57760, None, None)
[info] Defining Global / ideaPort
[info] The new value will be used by Compile / compile, Test / compile
[debug] Defining 
[debug] 	Global / ideaPort
[debug] 
[debug] The new value will be used by 
[debug] 	Compile / compile
[debug] 	Test / compile
[info] Reapplying settings...
[info] set current project to FourthHomework (in build file:/C:/ScalaBootCamp/Homework/ClearProject/FourthHomework/)
[debug] > Exec(idea-shell, None, None)
